<?xml version="1.0" encoding="UTF-8"?>
<testsuites name="LoginTestSuit" time="19" tests="0" failures="1" errors="0">
   <testsuite name="LoginTestSuit" tests="0" failures="1" errors="0" time="19" timestamp="2018-08-23 15:28:32" hostname="E004475 - HW1479.cignitiglobal.com" id="Test Suites/LoginTestSuit">
      <properties>
         <property name="deviceName" value=""/>
         <property name="devicePlatform" value=""/>
         <property name="logFolder" value="C:\\Users\\e004475\\Desktop\\KatalonProject\\FlipkartDemoProject\\Reports\\LoginTestSuit\\20180823_152831"/>
         <property name="logFiles" value="C:\\Users\\e004475\\Desktop\\KatalonProject\\FlipkartDemoProject\\Reports\\LoginTestSuit\\20180823_152831\\execution0.log"/>
         <property name="attachments" value="C:\\Users\\e004475\\Desktop\\KatalonProject\\FlipkartDemoProject\\Reports\\LoginTestSuit\\20180823_152831\\1535018330162.png"/>
         <property name="hostName" value="E004475 - HW1479.cignitiglobal.com"/>
         <property name="os" value="Windows 7 64bit"/>
         <property name="katalonVersion" value="5.6.0.1"/>
         <property name="browser" value="Chrome 68.0.3440.106"/>
         <property name="hostAddress" value="10.62.64.108"/>
         <property name="sessionId" value="cc2a3dd3ae17cbb2ac278ad07923999f"/>
         <property name="seleniumVersion" value="3.7.1"/>
         <property name="proxyInformation" value="ProxyInformation{proxyOption=NO_PROXY, proxyServerType=HTTP, password=, proxyServerAddress=, proxyServerPort=0}"/>
         <property name="platform" value="Windows 7"/>
      </properties>
      <testcase name="Test Cases/Testcase3" classname="Test Cases/Testcase3" status="FAILED">
         <failure type="FAILED" message="Unable to move mouse over object (Root cause: java.lang.IllegalArgumentException: Object is null)"/>
         <system-out><![CDATA[2018-08-23 15:28:33 - [TEST_CASE][FAILED] - Test Cases/Testcase3: Test Cases/Testcase3 FAILED because (of) Unable to move mouse over object (Root cause: java.lang.IllegalArgumentException: Object is null)

2018-08-23 15:28:33 - [TEST_STEP][PASSED] - openBrowser: Browser is opened with url: ''

2018-08-23 15:28:36 - [MESSAGE][PASSED] - Browser is opened with url: ''

2018-08-23 15:28:36 - [TEST_STEP][PASSED] - navigateToUrl: Navigate to 'https://www.amazon.com' successfully

2018-08-23 15:28:41 - [MESSAGE][PASSED] - Navigate to 'https://www.amazon.com' successfully

2018-08-23 15:28:41 - [TEST_STEP][PASSED] - maximizeWindow: Current window maximized

2018-08-23 15:28:43 - [MESSAGE][PASSED] - Current window maximized

2018-08-23 15:28:43 - [TEST_STEP][PASSED] - Statement - title = com.kms.katalon.core.webui.keyword.WebUiBuiltInKeywords.getWindowTitle(): Current window's title is: 'Amazon.com: Online Shopping for Electronics, Apparel, Computers, Books, DVDs & more'

2018-08-23 15:28:43 - [MESSAGE][PASSED] - Current window's title is: 'Amazon.com: Online Shopping for Electronics, Apparel, Computers, Books, DVDs & more'

2018-08-23 15:28:43 - [TEST_STEP][PASSED] - Statement - title1 = "Amazon.com:Online": null

2018-08-23 15:28:43 - [TEST_STEP][PASSED] - Statement - If (title.contains("Amazon")): Title matched

2018-08-23 15:28:43 - [TEST_STEP][PASSED] - comment: Title matched

2018-08-23 15:28:43 - [TEST_STEP][PASSED] - click: Object: 'Object Repository/Page_Amazon.com Online Shopping for/span_Hello. Sign in' is clicked on

2018-08-23 15:28:43 - [MESSAGE][PASSED] - Object: 'Object Repository/Page_Amazon.com Online Shopping for/span_Hello. Sign in' is clicked on

2018-08-23 15:28:43 - [TEST_STEP][PASSED] - setText: Text 'b6820901@nwytg.net' is set on object 'Object Repository/Page_Amazon Sign In/input_email'

2018-08-23 15:28:44 - [MESSAGE][PASSED] - Text 'b6820901@nwytg.net' is set on object 'Object Repository/Page_Amazon Sign In/input_email'

2018-08-23 15:28:44 - [TEST_STEP][PASSED] - click: Object: 'Object Repository/Page_Amazon Sign In/input_continue' is clicked on

2018-08-23 15:28:45 - [MESSAGE][PASSED] - Object: 'Object Repository/Page_Amazon Sign In/input_continue' is clicked on

2018-08-23 15:28:45 - [TEST_STEP][PASSED] - setText: Text 'nothing123' is set on object 'Object Repository/Page_Amazon Sign In/input_password'

2018-08-23 15:28:45 - [MESSAGE][PASSED] - Text 'nothing123' is set on object 'Object Repository/Page_Amazon Sign In/input_password'

2018-08-23 15:28:45 - [TEST_STEP][PASSED] - click: Object: 'Object Repository/Page_Amazon Sign In/input_signInSubmit' is clicked on

2018-08-23 15:28:49 - [MESSAGE][PASSED] - Object: 'Object Repository/Page_Amazon Sign In/input_signInSubmit' is clicked on

2018-08-23 15:28:49 - [TEST_STEP][FAILED] - mouseOver: Unable to move mouse over object (Root cause: java.lang.IllegalArgumentException: Object is null)

2018-08-23 15:28:49 - [MESSAGE][WARNING] - Test object with id 'Object Repository/Page_Amazon.com Online Shopping for/Page_Amazon.com Online Shopping for/span_Account  Lists' does not exist

2018-08-23 15:28:50 - [MESSAGE][WARNING] - Test object with id 'Object Repository/' does not exist

2018-08-23 15:28:50 - [MESSAGE][FAILED] - Unable to move mouse over object (Root cause: java.lang.IllegalArgumentException: Object is null)
[[ATTACHMENT|C:\\Users\\e004475\\Desktop\\KatalonProject\\FlipkartDemoProject\\Reports\\LoginTestSuit\\20180823_152831\\1535018330162.png]]]]></system-out>
         <system-err><![CDATA[2018-08-23 15:28:33 - [TEST_CASE][FAILED] - Test Cases/Testcase3: Test Cases/Testcase3 FAILED because (of) Unable to move mouse over object (Root cause: java.lang.IllegalArgumentException: Object is null)]]></system-err>
      </testcase>
      <system-out><![CDATA[2018-08-23 15:28:32 - [TEST_SUITE][FAILED] - LoginTestSuit: Test Cases/Testcase3 FAILED because (of) Unable to move mouse over object (Root cause: java.lang.IllegalArgumentException: Object is null)]]></system-out>
      <system-err><![CDATA[2018-08-23 15:28:32 - [TEST_SUITE][FAILED] - LoginTestSuit: Test Cases/Testcase3 FAILED because (of) Unable to move mouse over object (Root cause: java.lang.IllegalArgumentException: Object is null)]]></system-err>
   </testsuite>
</testsuites>
