<?xml version="1.0" encoding="UTF-8"?>
<testsuites name="LoginTestSuit" time="9" tests="0" failures="0" errors="1">
   <testsuite name="LoginTestSuit" tests="0" failures="0" errors="1" time="9" timestamp="2018-08-29 11:34:42" hostname="E004475 - HW1479.cignitiglobal.com" id="Test Suites/LoginTestSuit">
      <properties>
         <property name="deviceName" value=""/>
         <property name="devicePlatform" value=""/>
         <property name="logFolder" value="C:\\Users\\e004475\\Desktop\\KatalonDemo\\KatalonStudioTest\\Reports\\LoginTestSuit\\20180829_113440"/>
         <property name="logFiles" value="C:\\Users\\e004475\\Desktop\\KatalonDemo\\KatalonStudioTest\\Reports\\LoginTestSuit\\20180829_113440\\execution0.log"/>
         <property name="attachments" value=""/>
         <property name="hostName" value="E004475 - HW1479.cignitiglobal.com"/>
         <property name="os" value="Windows 7 64bit"/>
         <property name="katalonVersion" value="5.6.0.1"/>
         <property name="browser" value="Chrome 68.0.3440.106"/>
         <property name="hostAddress" value="10.62.64.108"/>
         <property name="sessionId" value="06460baf8655c54a39359f2f16669817"/>
         <property name="seleniumVersion" value="3.7.1"/>
         <property name="proxyInformation" value="ProxyInformation{proxyOption=NO_PROXY, proxyServerType=HTTP, password=, proxyServerAddress=, proxyServerPort=0}"/>
         <property name="platform" value="Windows 7"/>
      </properties>
      <testcase name="Test Cases/testcase2" classname="Test Cases/testcase2" status="ERROR">
         <error type="ERROR" message="Test Cases/testcase2 FAILED because (of) java.lang.NullPointerException: Cannot invoke method createCell() on null object"/>
         <system-out><![CDATA[2018-08-29 11:34:42 - [TEST_CASE][ERROR] - Test Cases/testcase2: Test Cases/testcase2 FAILED because (of) java.lang.NullPointerException: Cannot invoke method createCell() on null object

2018-08-29 11:34:42 - [TEST_STEP][PASSED] - openBrowser: Browser is opened with url: 'https://www.amazon.com'

2018-08-29 11:34:49 - [MESSAGE][PASSED] - Browser is opened with url: 'https://www.amazon.com'

2018-08-29 11:34:49 - [TEST_STEP][PASSED] - Statement - title = com.kms.katalon.core.webui.keyword.WebUiBuiltInKeywords.getWindowTitle(): Current window's title is: 'Amazon.com: Online Shopping for Electronics, Apparel, Computers, Books, DVDs & more'

2018-08-29 11:34:49 - [MESSAGE][PASSED] - Current window's title is: 'Amazon.com: Online Shopping for Electronics, Apparel, Computers, Books, DVDs & more'

2018-08-29 11:34:49 - [TEST_STEP][PASSED] - Statement - f = new java.io.File(C:\Users\e004475\Desktop\test.xls): null

2018-08-29 11:34:49 - [TEST_STEP][PASSED] - Statement - file = new java.io.FileInputStream(f): null

2018-08-29 11:34:49 - [TEST_STEP][PASSED] - Statement - workbook = new org.apache.poi.hssf.usermodel.HSSFWorkbook(file): null

2018-08-29 11:34:50 - [TEST_STEP][PASSED] - Statement - sheet = workbook.getSheetAt(0): null

2018-08-29 11:34:50 - [TEST_STEP][PASSED] - Statement - sheet.getRow(1).createCell(0).setCellValue(title): null]]></system-out>
         <system-err><![CDATA[2018-08-29 11:34:42 - [TEST_CASE][ERROR] - Test Cases/testcase2: Test Cases/testcase2 FAILED because (of) java.lang.NullPointerException: Cannot invoke method createCell() on null object]]></system-err>
      </testcase>
      <system-out><![CDATA[2018-08-29 11:34:42 - [TEST_SUITE][ERROR] - LoginTestSuit: Test Cases/testcase2 FAILED because (of) java.lang.NullPointerException: Cannot invoke method createCell() on null object]]></system-out>
      <system-err><![CDATA[2018-08-29 11:34:42 - [TEST_SUITE][ERROR] - LoginTestSuit: Test Cases/testcase2 FAILED because (of) java.lang.NullPointerException: Cannot invoke method createCell() on null object]]></system-err>
   </testsuite>
</testsuites>
