<?xml version="1.0" encoding="UTF-8"?>
<testsuites name="LoginTestSuit" time="19" tests="1" failures="0" errors="0">
   <testsuite name="LoginTestSuit" tests="1" failures="0" errors="0" time="19" timestamp="2018-08-23 14:58:51" hostname="E004475 - HW1479.cignitiglobal.com" id="Test Suites/LoginTestSuit">
      <properties>
         <property name="deviceName" value=""/>
         <property name="devicePlatform" value=""/>
         <property name="logFolder" value="C:\\Users\\e004475\\Desktop\\KatalonProject\\FlipkartDemoProject\\Reports\\LoginTestSuit\\20180823_145850"/>
         <property name="logFiles" value="C:\\Users\\e004475\\Desktop\\KatalonProject\\FlipkartDemoProject\\Reports\\LoginTestSuit\\20180823_145850\\execution0.log"/>
         <property name="attachments" value=""/>
         <property name="hostName" value="E004475 - HW1479.cignitiglobal.com"/>
         <property name="os" value="Windows 7 64bit"/>
         <property name="katalonVersion" value="5.6.0.1"/>
         <property name="browser" value="Chrome 68.0.3440.106"/>
         <property name="hostAddress" value="10.62.64.108"/>
         <property name="sessionId" value="8025abdee5ff01195803afcb24a7e8c7"/>
         <property name="seleniumVersion" value="3.7.1"/>
         <property name="proxyInformation" value="ProxyInformation{proxyOption=NO_PROXY, proxyServerType=HTTP, password=, proxyServerAddress=, proxyServerPort=0}"/>
         <property name="platform" value="Windows 7"/>
      </properties>
      <testcase name="Test Cases/Testcase3" classname="Test Cases/Testcase3" status="PASSED">
         <system-out><![CDATA[2018-08-23 14:58:52 - [TEST_CASE][PASSED] - Test Cases/Testcase3: Test Cases/Testcase3

2018-08-23 14:58:52 - [TEST_STEP][PASSED] - openBrowser: Browser is opened with url: ''

2018-08-23 14:58:55 - [MESSAGE][PASSED] - Browser is opened with url: ''

2018-08-23 14:58:55 - [TEST_STEP][PASSED] - navigateToUrl: Navigate to 'https://www.amazon.com' successfully

2018-08-23 14:58:59 - [MESSAGE][PASSED] - Navigate to 'https://www.amazon.com' successfully

2018-08-23 14:58:59 - [TEST_STEP][PASSED] - maximizeWindow: Current window maximized

2018-08-23 14:59:01 - [MESSAGE][PASSED] - Current window maximized

2018-08-23 14:59:01 - [TEST_STEP][PASSED] - Statement - title = com.kms.katalon.core.webui.keyword.WebUiBuiltInKeywords.getWindowTitle(): Current window's title is: 'Amazon.com: Online Shopping for Electronics, Apparel, Computers, Books, DVDs & more'

2018-08-23 14:59:01 - [MESSAGE][PASSED] - Current window's title is: 'Amazon.com: Online Shopping for Electronics, Apparel, Computers, Books, DVDs & more'

2018-08-23 14:59:01 - [TEST_STEP][PASSED] - Statement - title1 = "Amazon.com:Online": null

2018-08-23 14:59:01 - [TEST_STEP][PASSED] - Statement - If (title.contains("Amazon")): Title matched

2018-08-23 14:59:01 - [TEST_STEP][PASSED] - comment: Title matched

2018-08-23 14:59:01 - [TEST_STEP][PASSED] - click: Object: 'Object Repository/Page_Amazon.com Online Shopping for/span_Hello. Sign in' is clicked on

2018-08-23 14:59:02 - [MESSAGE][PASSED] - Object: 'Object Repository/Page_Amazon.com Online Shopping for/span_Hello. Sign in' is clicked on

2018-08-23 14:59:02 - [TEST_STEP][PASSED] - setText: Text 'b6820901@nwytg.net' is set on object 'Object Repository/Page_Amazon Sign In/input_email'

2018-08-23 14:59:02 - [MESSAGE][PASSED] - Text 'b6820901@nwytg.net' is set on object 'Object Repository/Page_Amazon Sign In/input_email'

2018-08-23 14:59:02 - [TEST_STEP][PASSED] - click: Object: 'Object Repository/Page_Amazon Sign In/input_continue' is clicked on

2018-08-23 14:59:03 - [MESSAGE][PASSED] - Object: 'Object Repository/Page_Amazon Sign In/input_continue' is clicked on

2018-08-23 14:59:03 - [TEST_STEP][PASSED] - setText: Text 'nothing123' is set on object 'Object Repository/Page_Amazon Sign In/input_password'

2018-08-23 14:59:03 - [MESSAGE][PASSED] - Text 'nothing123' is set on object 'Object Repository/Page_Amazon Sign In/input_password'

2018-08-23 14:59:03 - [TEST_STEP][PASSED] - click: Object: 'Object Repository/Page_Amazon Sign In/input_signInSubmit' is clicked on

2018-08-23 14:59:07 - [MESSAGE][PASSED] - Object: 'Object Repository/Page_Amazon Sign In/input_signInSubmit' is clicked on

2018-08-23 14:59:07 - [TEST_STEP][PASSED] - mouseOver: Object: 'Object Repository/Page_Amazon.com Online Shopping for/Page_Amazon.com Online Shopping for/span_Account  Lists' is hovered

2018-08-23 14:59:07 - [MESSAGE][PASSED] - Object: 'Object Repository/Page_Amazon.com Online Shopping for/Page_Amazon.com Online Shopping for/span_Account  Lists' is hovered

2018-08-23 14:59:07 - [TEST_STEP][PASSED] - click: Object: 'Object Repository/Page_Amazon.com Online Shopping for/span_Sign Out' is clicked on

2018-08-23 14:59:09 - [MESSAGE][PASSED] - Object: 'Object Repository/Page_Amazon.com Online Shopping for/span_Sign Out' is clicked on

2018-08-23 14:59:09 - [TEST_STEP][PASSED] - closeBrowser: Browser is closed

2018-08-23 14:59:10 - [MESSAGE][PASSED] - Browser is closed]]></system-out>
         <system-err><![CDATA[]]></system-err>
      </testcase>
      <system-out><![CDATA[2018-08-23 14:58:51 - [TEST_SUITE][PASSED] - LoginTestSuit: Test Cases/Testcase3]]></system-out>
      <system-err><![CDATA[]]></system-err>
   </testsuite>
</testsuites>
