<?xml version="1.0" encoding="UTF-8"?>
<testsuites name="Amazon_script" time="3" tests="0" failures="1" errors="0">
   <testsuite name="Amazon_script" tests="0" failures="1" errors="0" time="3" timestamp="2018-09-05 16:19:53" hostname="E004475 - HW1479.cignitiglobal.com" id="Test Suites/Amazon_script">
      <properties>
         <property name="deviceName" value=""/>
         <property name="devicePlatform" value=""/>
         <property name="logFolder" value="C:\\Users\\e004475\\Desktop\\KatalonDemo\\KatalonStudioTest\\Reports\\Amazon_script\\20180905_161950"/>
         <property name="logFiles" value="C:\\Users\\e004475\\Desktop\\KatalonDemo\\KatalonStudioTest\\Reports\\Amazon_script\\20180905_161950\\execution0.log"/>
         <property name="attachments" value=""/>
         <property name="hostName" value="E004475 - HW1479.cignitiglobal.com"/>
         <property name="hostAddress" value="10.62.64.108"/>
         <property name="os" value="Windows 7 64bit"/>
         <property name="katalonVersion" value="5.6.3.1"/>
      </properties>
      <testcase name="Test Cases/amazon_demo/finalScript" classname="Test Cases/amazon_demo/finalScript" status="FAILED">
         <failure type="FAILED" message="Unable to open browser with url: '' (Root cause: java.lang.IllegalAccessError: tried to access method com.google.common.util.concurrent.SimpleTimeLimiter.&lt;init>(Ljava/util/concurrent/ExecutorService;)V from class org.openqa.selenium.net.UrlChecker)"/>
         <system-out><![CDATA[2018-09-05 16:19:53 - [TEST_CASE][FAILED] - Test Cases/amazon_demo/finalScript: Test Cases/amazon_demo/finalScript FAILED because (of) Unable to open browser with url: '' (Root cause: java.lang.IllegalAccessError: tried to access method com.google.common.util.concurrent.SimpleTimeLimiter.<init>(Ljava/util/concurrent/ExecutorService;)V from class org.openqa.selenium.net.UrlChecker)

2018-09-05 16:19:54 - [TEST_STEP][FAILED] - openBrowser: Unable to open browser with url: '' (Root cause: java.lang.IllegalAccessError: tried to access method com.google.common.util.concurrent.SimpleTimeLimiter.<init>(Ljava/util/concurrent/ExecutorService;)V from class org.openqa.selenium.net.UrlChecker)

2018-09-05 16:19:56 - [MESSAGE][WARNING] - tried to access method com.google.common.util.concurrent.SimpleTimeLimiter.<init>(Ljava/util/concurrent/ExecutorService;)V from class org.openqa.selenium.net.UrlChecker

2018-09-05 16:19:56 - [MESSAGE][FAILED] - Unable to open browser with url: '' (Root cause: java.lang.IllegalAccessError: tried to access method com.google.common.util.concurrent.SimpleTimeLimiter.<init>(Ljava/util/concurrent/ExecutorService;)V from class org.openqa.selenium.net.UrlChecker)]]></system-out>
         <system-err><![CDATA[2018-09-05 16:19:53 - [TEST_CASE][FAILED] - Test Cases/amazon_demo/finalScript: Test Cases/amazon_demo/finalScript FAILED because (of) Unable to open browser with url: '' (Root cause: java.lang.IllegalAccessError: tried to access method com.google.common.util.concurrent.SimpleTimeLimiter.<init>(Ljava/util/concurrent/ExecutorService;)V from class org.openqa.selenium.net.UrlChecker)]]></system-err>
      </testcase>
      <system-out><![CDATA[2018-09-05 16:19:53 - [TEST_SUITE][FAILED] - Amazon_script: Test Cases/amazon_demo/finalScript FAILED because (of) Unable to open browser with url: '' (Root cause: java.lang.IllegalAccessError: tried to access method com.google.common.util.concurrent.SimpleTimeLimiter.<init>(Ljava/util/concurrent/ExecutorService;)V from class org.openqa.selenium.net.UrlChecker)]]></system-out>
      <system-err><![CDATA[2018-09-05 16:19:53 - [TEST_SUITE][FAILED] - Amazon_script: Test Cases/amazon_demo/finalScript FAILED because (of) Unable to open browser with url: '' (Root cause: java.lang.IllegalAccessError: tried to access method com.google.common.util.concurrent.SimpleTimeLimiter.<init>(Ljava/util/concurrent/ExecutorService;)V from class org.openqa.selenium.net.UrlChecker)]]></system-err>
   </testsuite>
</testsuites>
