<?xml version="1.0" encoding="UTF-8"?>
<testsuites name="test suite 2" time="67" tests="1" failures="1" errors="0">
   <testsuite name="test suite 2" tests="1" failures="1" errors="0" time="67" timestamp="2018-08-29 14:59:05" hostname="E004475 - HW1479.cignitiglobal.com" id="Test Suites/test suite 2">
      <properties>
         <property name="deviceName" value=""/>
         <property name="devicePlatform" value=""/>
         <property name="logFolder" value="C:\\Users\\e004475\\Desktop\\KatalonDemo\\KatalonStudioTest\\Reports\\test suite 2\\20180829_145902"/>
         <property name="logFiles" value="C:\\Users\\e004475\\Desktop\\KatalonDemo\\KatalonStudioTest\\Reports\\test suite 2\\20180829_145902\\execution0.log"/>
         <property name="attachments" value=""/>
         <property name="hostName" value="E004475 - HW1479.cignitiglobal.com"/>
         <property name="os" value="Windows 7 64bit"/>
         <property name="katalonVersion" value="5.6.0.1"/>
         <property name="browser" value="Chrome 68.0.3440.106"/>
         <property name="hostAddress" value="10.62.64.108"/>
         <property name="sessionId" value="f9c56cb06377fc300768522b2e032b5f"/>
         <property name="seleniumVersion" value="3.7.1"/>
         <property name="proxyInformation" value="ProxyInformation{proxyOption=NO_PROXY, proxyServerType=HTTP, password=, proxyServerAddress=, proxyServerPort=0}"/>
         <property name="platform" value="Windows 7"/>
      </properties>
      <testcase name="Test Cases/Testcase3" classname="Test Cases/Testcase3" status="PASSED">
         <system-out><![CDATA[2018-08-29 14:59:06 - [TEST_CASE][PASSED] - Test Cases/Testcase3: Test Cases/Testcase3

2018-08-29 14:59:06 - [TEST_STEP][PASSED] - openBrowser: Browser is opened with url: ''

2018-08-29 14:59:13 - [MESSAGE][PASSED] - Browser is opened with url: ''

2018-08-29 14:59:13 - [TEST_STEP][PASSED] - navigateToUrl: Navigate to 'https://www.amazon.com' successfully

2018-08-29 14:59:17 - [MESSAGE][PASSED] - Navigate to 'https://www.amazon.com' successfully

2018-08-29 14:59:17 - [TEST_STEP][PASSED] - maximizeWindow: Current window maximized

2018-08-29 14:59:19 - [MESSAGE][PASSED] - Current window maximized

2018-08-29 14:59:19 - [TEST_STEP][PASSED] - Statement - title = com.kms.katalon.core.webui.keyword.WebUiBuiltInKeywords.getWindowTitle(): Current window's title is: 'Amazon.com: Online Shopping for Electronics, Apparel, Computers, Books, DVDs & more'

2018-08-29 14:59:19 - [MESSAGE][PASSED] - Current window's title is: 'Amazon.com: Online Shopping for Electronics, Apparel, Computers, Books, DVDs & more'

2018-08-29 14:59:19 - [TEST_STEP][PASSED] - Statement - title1 = "Amazon.com:Online": null

2018-08-29 14:59:19 - [TEST_STEP][PASSED] - Statement - If (title.contains("Amazon")): Title matched

2018-08-29 14:59:19 - [TEST_STEP][PASSED] - comment: Title matched

2018-08-29 14:59:19 - [TEST_STEP][PASSED] - click: Object: 'Object Repository/Page_Amazon.com Online Shopping for/span_Hello. Sign in' is clicked on

2018-08-29 14:59:21 - [MESSAGE][PASSED] - Object: 'Object Repository/Page_Amazon.com Online Shopping for/span_Hello. Sign in' is clicked on

2018-08-29 14:59:21 - [TEST_STEP][PASSED] - setText: Text 'b6820901@nwytg.net' is set on object 'Object Repository/Page_Amazon Sign In/input_email'

2018-08-29 14:59:22 - [MESSAGE][PASSED] - Text 'b6820901@nwytg.net' is set on object 'Object Repository/Page_Amazon Sign In/input_email'

2018-08-29 14:59:22 - [TEST_STEP][PASSED] - click: Object: 'Object Repository/Page_Amazon Sign In/input_continue' is clicked on

2018-08-29 14:59:24 - [MESSAGE][PASSED] - Object: 'Object Repository/Page_Amazon Sign In/input_continue' is clicked on

2018-08-29 14:59:24 - [TEST_STEP][PASSED] - setText: Text 'nothing123' is set on object 'Object Repository/Page_Amazon Sign In/input_password'

2018-08-29 14:59:25 - [MESSAGE][PASSED] - Text 'nothing123' is set on object 'Object Repository/Page_Amazon Sign In/input_password'

2018-08-29 14:59:25 - [TEST_STEP][PASSED] - click: Object: 'Object Repository/Page_Amazon Sign In/input_signInSubmit' is clicked on

2018-08-29 14:59:29 - [MESSAGE][PASSED] - Object: 'Object Repository/Page_Amazon Sign In/input_signInSubmit' is clicked on

2018-08-29 14:59:29 - [TEST_STEP][PASSED] - delay: Delayed 3 second(s)

2018-08-29 14:59:32 - [MESSAGE][PASSED] - Delayed 3 second(s)

2018-08-29 14:59:32 - [TEST_STEP][PASSED] - Statement - logoname = com.kms.katalon.core.webui.keyword.WebUiBuiltInKeywords.getText(com.kms.katalon.core.testobject.ObjectRepository.findTestObject(Object Repository/Page_Amazon.com Online Shopping for/Amazon SignOff/AmazonLogo)): Text of object 'Object Repository/Page_Amazon.com Online Shopping for/Amazon SignOff/AmazonLogo' is: 'Amazon'

2018-08-29 14:59:32 - [MESSAGE][PASSED] - Text of object 'Object Repository/Page_Amazon.com Online Shopping for/Amazon SignOff/AmazonLogo' is: 'Amazon'

2018-08-29 14:59:32 - [TEST_STEP][PASSED] - callTestCase: Call Test Case 'Test Cases/TestCase1' successfully

2018-08-29 14:59:32 - [TEST_CASE][PASSED] - Test Cases/TestCase1: Test Cases/TestCase1

2018-08-29 14:59:32 - [TEST_STEP][PASSED] - setText: Text 'Motorola  Mobile' is set on object 'Object Repository/Page_Amazon.com Online Shopping for/Amazon SignOff/Page_Amazon.com Online Shopping for/input_field-keywords'

2018-08-29 14:59:33 - [MESSAGE][PASSED] - Text 'Motorola  Mobile' is set on object 'Object Repository/Page_Amazon.com Online Shopping for/Amazon SignOff/Page_Amazon.com Online Shopping for/input_field-keywords'

2018-08-29 14:59:33 - [TEST_STEP][PASSED] - click: Object: 'Object Repository/Page_Amazon.com Online Shopping for/Amazon SignOff/Page_Amazon.com Online Shopping for/input_nav-input' is clicked on

2018-08-29 14:59:36 - [MESSAGE][PASSED] - Object: 'Object Repository/Page_Amazon.com Online Shopping for/Amazon SignOff/Page_Amazon.com Online Shopping for/input_nav-input' is clicked on

2018-08-29 14:59:36 - [TEST_STEP][PASSED] - click: Object: 'Object Repository/Page_Amazon.com Online Shopping for/Amazon SignOff/Amazon Search Box/h2_Motorola Moto C Plus XT1724' is clicked on

2018-08-29 14:59:41 - [MESSAGE][PASSED] - Object: 'Object Repository/Page_Amazon.com Online Shopping for/Amazon SignOff/Amazon Search Box/h2_Motorola Moto C Plus XT1724' is clicked on

2018-08-29 14:59:41 - [TEST_STEP][PASSED] - delay: Delayed 3 second(s)

2018-08-29 14:59:44 - [MESSAGE][PASSED] - Delayed 3 second(s)

2018-08-29 14:59:44 - [TEST_STEP][PASSED] - click: Object: 'Object Repository/Page_Amazon.com Online Shopping for/Amazon SignOff/Amazon cart/input_submit.add-to-cart' is clicked on

2018-08-29 14:59:50 - [MESSAGE][PASSED] - Object: 'Object Repository/Page_Amazon.com Online Shopping for/Amazon SignOff/Amazon cart/input_submit.add-to-cart' is clicked on

2018-08-29 14:59:50 - [TEST_STEP][PASSED] - delay: Delayed 3 second(s)

2018-08-29 14:59:53 - [MESSAGE][PASSED] - Delayed 3 second(s)

2018-08-29 14:59:53 - [TEST_STEP][PASSED] - click: Object: 'Object Repository/Page_Amazon.com Online Shopping for/Amazon SignOff/Amazon cart/span_Cart' is clicked on

2018-08-29 14:59:57 - [MESSAGE][PASSED] - Object: 'Object Repository/Page_Amazon.com Online Shopping for/Amazon SignOff/Amazon cart/span_Cart' is clicked on

2018-08-29 14:59:57 - [MESSAGE][PASSED] - Call Test Case 'Test Cases/TestCase1' successfully

2018-08-29 14:59:57 - [TEST_STEP][PASSED] - delay: Delayed 3 second(s)

2018-08-29 15:00:00 - [MESSAGE][PASSED] - Delayed 3 second(s)

2018-08-29 15:00:00 - [TEST_STEP][PASSED] - mouseOver: Object: 'Object Repository/Page_Amazon.com Online Shopping for/Amazon SignOff/span_Account  Lists' is hovered

2018-08-29 15:00:07 - [MESSAGE][PASSED] - Object: 'Object Repository/Page_Amazon.com Online Shopping for/Amazon SignOff/span_Account  Lists' is hovered

2018-08-29 15:00:07 - [TEST_STEP][PASSED] - delay: Delayed 3 second(s)

2018-08-29 15:00:10 - [MESSAGE][PASSED] - Delayed 3 second(s)

2018-08-29 15:00:10 - [TEST_STEP][PASSED] - click: Object: 'Object Repository/Page_Amazon.com Online Shopping for/span_Sign Out' is clicked on

2018-08-29 15:00:11 - [MESSAGE][PASSED] - Object: 'Object Repository/Page_Amazon.com Online Shopping for/span_Sign Out' is clicked on

2018-08-29 15:00:11 - [TEST_STEP][PASSED] - closeBrowser: Browser is closed

2018-08-29 15:00:13 - [MESSAGE][PASSED] - Browser is closed]]></system-out>
         <system-err><![CDATA[]]></system-err>
      </testcase>
      <testcase name="Test Cases/TestCase1" classname="Test Cases/TestCase1" status="FAILED">
         <failure type="FAILED" message="Unable to set text 'Motorola  Mobile' of object 'Object Repository/Page_Amazon.com Online Shopping for/Amazon SignOff/Page_Amazon.com Online Shopping for/input_field-keywords' (Root cause: com.kms.katalon.core.webui.exception.BrowserNotOpenedException: Browser is not opened
Build info: version: '3.7.1', revision: '8a0099a', time: '2017-11-06T21:07:36.161Z'
System info: host: 'HW1479', ip: '10.62.64.108', os.name: 'Windows 7', os.arch: 'amd64', os.version: '6.1', java.version: '1.8.0_181'
Driver info: driver.version: unknown)"/>
         <system-out><![CDATA[2018-08-29 15:00:13 - [TEST_CASE][FAILED] - Test Cases/TestCase1: Test Cases/TestCase1 FAILED because (of) Unable to set text 'Motorola  Mobile' of object 'Object Repository/Page_Amazon.com Online Shopping for/Amazon SignOff/Page_Amazon.com Online Shopping for/input_field-keywords' (Root cause: com.kms.katalon.core.webui.exception.BrowserNotOpenedException: Browser is not opened
Build info: version: '3.7.1', revision: '8a0099a', time: '2017-11-06T21:07:36.161Z'
System info: host: 'HW1479', ip: '10.62.64.108', os.name: 'Windows 7', os.arch: 'amd64', os.version: '6.1', java.version: '1.8.0_181'
Driver info: driver.version: unknown)

2018-08-29 15:00:13 - [TEST_STEP][FAILED] - setText: Unable to set text 'Motorola  Mobile' of object 'Object Repository/Page_Amazon.com Online Shopping for/Amazon SignOff/Page_Amazon.com Online Shopping for/input_field-keywords' (Root cause: com.kms.katalon.core.webui.exception.BrowserNotOpenedException: Browser is not opened
Build info: version: '3.7.1', revision: '8a0099a', time: '2017-11-06T21:07:36.161Z'
System info: host: 'HW1479', ip: '10.62.64.108', os.name: 'Windows 7', os.arch: 'amd64', os.version: '6.1', java.version: '1.8.0_181'
Driver info: driver.version: unknown)

2018-08-29 15:00:13 - [MESSAGE][WARNING] - Cannot take screenshot

2018-08-29 15:00:13 - [MESSAGE][FAILED] - Unable to set text 'Motorola  Mobile' of object 'Object Repository/Page_Amazon.com Online Shopping for/Amazon SignOff/Page_Amazon.com Online Shopping for/input_field-keywords' (Root cause: com.kms.katalon.core.webui.exception.BrowserNotOpenedException: Browser is not opened
Build info: version: '3.7.1', revision: '8a0099a', time: '2017-11-06T21:07:36.161Z'
System info: host: 'HW1479', ip: '10.62.64.108', os.name: 'Windows 7', os.arch: 'amd64', os.version: '6.1', java.version: '1.8.0_181'
Driver info: driver.version: unknown)]]></system-out>
         <system-err><![CDATA[2018-08-29 15:00:13 - [TEST_CASE][FAILED] - Test Cases/TestCase1: Test Cases/TestCase1 FAILED because (of) Unable to set text 'Motorola  Mobile' of object 'Object Repository/Page_Amazon.com Online Shopping for/Amazon SignOff/Page_Amazon.com Online Shopping for/input_field-keywords' (Root cause: com.kms.katalon.core.webui.exception.BrowserNotOpenedException: Browser is not opened
Build info: version: '3.7.1', revision: '8a0099a', time: '2017-11-06T21:07:36.161Z'
System info: host: 'HW1479', ip: '10.62.64.108', os.name: 'Windows 7', os.arch: 'amd64', os.version: '6.1', java.version: '1.8.0_181'
Driver info: driver.version: unknown)]]></system-err>
      </testcase>
      <system-out><![CDATA[2018-08-29 14:59:05 - [TEST_SUITE][FAILED] - test suite 2: Test Cases/TestCase1 FAILED because (of) Unable to set text 'Motorola  Mobile' of object 'Object Repository/Page_Amazon.com Online Shopping for/Amazon SignOff/Page_Amazon.com Online Shopping for/input_field-keywords' (Root cause: com.kms.katalon.core.webui.exception.BrowserNotOpenedException: Browser is not opened
Build info: version: '3.7.1', revision: '8a0099a', time: '2017-11-06T21:07:36.161Z'
System info: host: 'HW1479', ip: '10.62.64.108', os.name: 'Windows 7', os.arch: 'amd64', os.version: '6.1', java.version: '1.8.0_181'
Driver info: driver.version: unknown)]]></system-out>
      <system-err><![CDATA[2018-08-29 14:59:05 - [TEST_SUITE][FAILED] - test suite 2: Test Cases/TestCase1 FAILED because (of) Unable to set text 'Motorola  Mobile' of object 'Object Repository/Page_Amazon.com Online Shopping for/Amazon SignOff/Page_Amazon.com Online Shopping for/input_field-keywords' (Root cause: com.kms.katalon.core.webui.exception.BrowserNotOpenedException: Browser is not opened
Build info: version: '3.7.1', revision: '8a0099a', time: '2017-11-06T21:07:36.161Z'
System info: host: 'HW1479', ip: '10.62.64.108', os.name: 'Windows 7', os.arch: 'amd64', os.version: '6.1', java.version: '1.8.0_181'
Driver info: driver.version: unknown)]]></system-err>
   </testsuite>
</testsuites>
