<?xml version="1.0" encoding="UTF-8"?>
<testsuites name="test suite 2" time="126" tests="0" failures="2" errors="0">
   <testsuite name="test suite 2" tests="0" failures="2" errors="0" time="126" timestamp="2018-09-05 15:31:38" hostname="E004475 - HW1479.cignitiglobal.com" id="Test Suites/test suite 2">
      <properties>
         <property name="deviceName" value=""/>
         <property name="devicePlatform" value=""/>
         <property name="logFolder" value="C:\\Users\\e004475\\Desktop\\KatalonDemo\\KatalonStudioTest\\Reports\\test suite 2\\20180905_153131"/>
         <property name="logFiles" value="C:\\Users\\e004475\\Desktop\\KatalonDemo\\KatalonStudioTest\\Reports\\test suite 2\\20180905_153131\\execution0.log"/>
         <property name="attachments" value="C:\\Users\\e004475\\Desktop\\KatalonDemo\\KatalonStudioTest\\Reports\\test suite 2\\20180905_153131\\1536141774076.png, C:\\Users\\e004475\\Desktop\\KatalonDemo\\KatalonStudioTest\\Reports\\test suite 2\\20180905_153131\\1536141823592.png"/>
         <property name="hostName" value="E004475 - HW1479.cignitiglobal.com"/>
         <property name="os" value="Windows 7 64bit"/>
         <property name="katalonVersion" value="5.6.3.1"/>
         <property name="browser" value="Chrome 68.0.3440.106"/>
         <property name="hostAddress" value="10.62.64.108"/>
         <property name="sessionId" value="75fe696e9091afacd821c28688680cda"/>
         <property name="seleniumVersion" value="3.7.1"/>
         <property name="proxyInformation" value="ProxyInformation{proxyOption=NO_PROXY, proxyServerType=HTTP, password=, proxyServerAddress=, proxyServerPort=0}"/>
         <property name="platform" value="Windows 7"/>
      </properties>
      <testcase name="Test Cases/amazon_demo/Testcase3" classname="Test Cases/amazon_demo/Testcase3" status="FAILED">
         <failure type="FAILED" message="Unable to click on object 'Object Repository/Page_Amazon.com Online Shopping for/Amazon SignOff/Amazon cart/input_submit.add-to-cart' (Root cause: com.kms.katalon.core.webui.exception.WebElementNotFoundException: Web element with id: 'Object Repository/Page_Amazon.com Online Shopping for/Amazon SignOff/Amazon cart/input_submit.add-to-cart' located by 'By.xpath: //input[@id = 'add-to-cart-button' and @name = 'submit.add-to-cart' and @title = 'Add to Shopping Cart' and @type = 'submit']' not found)"/>
         <system-out><![CDATA[2018-09-05 15:31:38 - [TEST_CASE][FAILED] - Test Cases/amazon_demo/Testcase3: Test Cases/amazon_demo/Testcase3 FAILED because (of) Unable to click on object 'Object Repository/Page_Amazon.com Online Shopping for/Amazon SignOff/Amazon cart/input_submit.add-to-cart' (Root cause: com.kms.katalon.core.webui.exception.WebElementNotFoundException: Web element with id: 'Object Repository/Page_Amazon.com Online Shopping for/Amazon SignOff/Amazon cart/input_submit.add-to-cart' located by 'By.xpath: //input[@id = 'add-to-cart-button' and @name = 'submit.add-to-cart' and @title = 'Add to Shopping Cart' and @type = 'submit']' not found)

2018-09-05 15:31:39 - [TEST_STEP][PASSED] - openBrowser: Browser is opened with url: ''

2018-09-05 15:31:47 - [MESSAGE][PASSED] - Browser is opened with url: ''

2018-09-05 15:31:47 - [TEST_STEP][PASSED] - navigateToUrl: Navigate to 'https://www.amazon.com' successfully

2018-09-05 15:31:54 - [MESSAGE][PASSED] - Navigate to 'https://www.amazon.com' successfully

2018-09-05 15:31:54 - [TEST_STEP][PASSED] - maximizeWindow: Current window maximized

2018-09-05 15:31:55 - [MESSAGE][PASSED] - Current window maximized

2018-09-05 15:31:55 - [TEST_STEP][PASSED] - Statement - title = com.kms.katalon.core.webui.keyword.WebUiBuiltInKeywords.getWindowTitle(): Current window's title is: 'Amazon.com: Online Shopping for Electronics, Apparel, Computers, Books, DVDs & more'

2018-09-05 15:31:55 - [MESSAGE][PASSED] - Current window's title is: 'Amazon.com: Online Shopping for Electronics, Apparel, Computers, Books, DVDs & more'

2018-09-05 15:31:55 - [TEST_STEP][PASSED] - Statement - title1 = "Amazon.com:Online": null

2018-09-05 15:31:55 - [TEST_STEP][PASSED] - Statement - If (title.contains("Amazon")): Title matched

2018-09-05 15:31:55 - [TEST_STEP][PASSED] - comment: Title matched

2018-09-05 15:31:55 - [TEST_STEP][PASSED] - click: Object: 'Object Repository/Page_Amazon.com Online Shopping for/span_Hello. Sign in' is clicked on

2018-09-05 15:31:56 - [MESSAGE][PASSED] - Object: 'Object Repository/Page_Amazon.com Online Shopping for/span_Hello. Sign in' is clicked on

2018-09-05 15:31:56 - [TEST_STEP][PASSED] - setText: Text 'b6820901@nwytg.net' is set on object 'Object Repository/Page_Amazon Sign In/input_email'

2018-09-05 15:31:57 - [MESSAGE][PASSED] - Text 'b6820901@nwytg.net' is set on object 'Object Repository/Page_Amazon Sign In/input_email'

2018-09-05 15:31:57 - [TEST_STEP][PASSED] - click: Object: 'Object Repository/Page_Amazon Sign In/input_continue' is clicked on

2018-09-05 15:31:59 - [MESSAGE][PASSED] - Object: 'Object Repository/Page_Amazon Sign In/input_continue' is clicked on

2018-09-05 15:31:59 - [TEST_STEP][PASSED] - setText: Text 'nothing123' is set on object 'Object Repository/Page_Amazon Sign In/input_password'

2018-09-05 15:31:59 - [MESSAGE][PASSED] - Text 'nothing123' is set on object 'Object Repository/Page_Amazon Sign In/input_password'

2018-09-05 15:31:59 - [TEST_STEP][PASSED] - click: Object: 'Object Repository/Page_Amazon Sign In/input_signInSubmit' is clicked on

2018-09-05 15:32:03 - [MESSAGE][PASSED] - Object: 'Object Repository/Page_Amazon Sign In/input_signInSubmit' is clicked on

2018-09-05 15:32:03 - [TEST_STEP][PASSED] - delay: Delayed 3 second(s)

2018-09-05 15:32:06 - [MESSAGE][PASSED] - Delayed 3 second(s)

2018-09-05 15:32:06 - [TEST_STEP][PASSED] - Statement - logoname = com.kms.katalon.core.webui.keyword.WebUiBuiltInKeywords.getText(com.kms.katalon.core.testobject.ObjectRepository.findTestObject(Object Repository/Page_Amazon.com Online Shopping for/Amazon SignOff/AmazonLogo)): Text of object 'Object Repository/Page_Amazon.com Online Shopping for/Amazon SignOff/AmazonLogo' is: 'Amazon'

2018-09-05 15:32:06 - [MESSAGE][PASSED] - Text of object 'Object Repository/Page_Amazon.com Online Shopping for/Amazon SignOff/AmazonLogo' is: 'Amazon'

2018-09-05 15:32:06 - [TEST_STEP][FAILED] - callTestCase: Unable to call Test Case with id 'Test Cases/amazon_demo/TestCase1' (Root cause: Call Test Case 'Test Cases/amazon_demo/TestCase1' failed)

2018-09-05 15:32:06 - [TEST_CASE][FAILED] - Test Cases/amazon_demo/TestCase1: Test Cases/amazon_demo/TestCase1 FAILED because (of) Unable to click on object 'Object Repository/Page_Amazon.com Online Shopping for/Amazon SignOff/Amazon cart/input_submit.add-to-cart' (Root cause: com.kms.katalon.core.webui.exception.WebElementNotFoundException: Web element with id: 'Object Repository/Page_Amazon.com Online Shopping for/Amazon SignOff/Amazon cart/input_submit.add-to-cart' located by 'By.xpath: //input[@id = 'add-to-cart-button' and @name = 'submit.add-to-cart' and @title = 'Add to Shopping Cart' and @type = 'submit']' not found)

2018-09-05 15:32:07 - [TEST_STEP][PASSED] - setText: Text 'Motorola  Mobile' is set on object 'Object Repository/Page_Amazon.com Online Shopping for/Amazon SignOff/Page_Amazon.com Online Shopping for/input_field-keywords'

2018-09-05 15:32:07 - [MESSAGE][PASSED] - Text 'Motorola  Mobile' is set on object 'Object Repository/Page_Amazon.com Online Shopping for/Amazon SignOff/Page_Amazon.com Online Shopping for/input_field-keywords'

2018-09-05 15:32:07 - [TEST_STEP][PASSED] - click: Object: 'Object Repository/Page_Amazon.com Online Shopping for/Amazon SignOff/Page_Amazon.com Online Shopping for/input_nav-input' is clicked on

2018-09-05 15:32:10 - [MESSAGE][PASSED] - Object: 'Object Repository/Page_Amazon.com Online Shopping for/Amazon SignOff/Page_Amazon.com Online Shopping for/input_nav-input' is clicked on

2018-09-05 15:32:10 - [TEST_STEP][PASSED] - click: Object: 'Object Repository/Page_Amazon.com Online Shopping for/Amazon SignOff/Amazon Search Box/h2_Motorola Moto C Plus XT1724' is clicked on

2018-09-05 15:32:14 - [MESSAGE][PASSED] - Object: 'Object Repository/Page_Amazon.com Online Shopping for/Amazon SignOff/Amazon Search Box/h2_Motorola Moto C Plus XT1724' is clicked on

2018-09-05 15:32:14 - [TEST_STEP][PASSED] - delay: Delayed 3 second(s)

2018-09-05 15:32:17 - [MESSAGE][PASSED] - Delayed 3 second(s)

2018-09-05 15:32:17 - [TEST_STEP][FAILED] - click: Unable to click on object 'Object Repository/Page_Amazon.com Online Shopping for/Amazon SignOff/Amazon cart/input_submit.add-to-cart' (Root cause: com.kms.katalon.core.webui.exception.WebElementNotFoundException: Web element with id: 'Object Repository/Page_Amazon.com Online Shopping for/Amazon SignOff/Amazon cart/input_submit.add-to-cart' located by 'By.xpath: //input[@id = 'add-to-cart-button' and @name = 'submit.add-to-cart' and @title = 'Add to Shopping Cart' and @type = 'submit']' not found)

2018-09-05 15:32:54 - [MESSAGE][FAILED] - Unable to click on object 'Object Repository/Page_Amazon.com Online Shopping for/Amazon SignOff/Amazon cart/input_submit.add-to-cart' (Root cause: com.kms.katalon.core.webui.exception.WebElementNotFoundException: Web element with id: 'Object Repository/Page_Amazon.com Online Shopping for/Amazon SignOff/Amazon cart/input_submit.add-to-cart' located by 'By.xpath: //input[@id = 'add-to-cart-button' and @name = 'submit.add-to-cart' and @title = 'Add to Shopping Cart' and @type = 'submit']' not found)
[[ATTACHMENT|C:\\Users\\e004475\\Desktop\\KatalonDemo\\KatalonStudioTest\\Reports\\test suite 2\\20180905_153131\\1536141774076.png]]

2018-09-05 15:32:54 - [MESSAGE][FAILED] - Unable to call Test Case with id 'Test Cases/amazon_demo/TestCase1' (Root cause: Call Test Case 'Test Cases/amazon_demo/TestCase1' failed)]]></system-out>
         <system-err><![CDATA[2018-09-05 15:31:38 - [TEST_CASE][FAILED] - Test Cases/amazon_demo/Testcase3: Test Cases/amazon_demo/Testcase3 FAILED because (of) Unable to click on object 'Object Repository/Page_Amazon.com Online Shopping for/Amazon SignOff/Amazon cart/input_submit.add-to-cart' (Root cause: com.kms.katalon.core.webui.exception.WebElementNotFoundException: Web element with id: 'Object Repository/Page_Amazon.com Online Shopping for/Amazon SignOff/Amazon cart/input_submit.add-to-cart' located by 'By.xpath: //input[@id = 'add-to-cart-button' and @name = 'submit.add-to-cart' and @title = 'Add to Shopping Cart' and @type = 'submit']' not found)]]></system-err>
      </testcase>
      <testcase name="Test Cases/amazon_demo/TestCase1" classname="Test Cases/amazon_demo/TestCase1" status="FAILED">
         <failure type="FAILED" message="Unable to click on object 'Object Repository/Page_Amazon.com Online Shopping for/Amazon SignOff/Amazon cart/input_submit.add-to-cart' (Root cause: com.kms.katalon.core.webui.exception.WebElementNotFoundException: Web element with id: 'Object Repository/Page_Amazon.com Online Shopping for/Amazon SignOff/Amazon cart/input_submit.add-to-cart' located by 'By.xpath: //input[@id = 'add-to-cart-button' and @name = 'submit.add-to-cart' and @title = 'Add to Shopping Cart' and @type = 'submit']' not found)"/>
         <system-out><![CDATA[2018-09-05 15:32:54 - [TEST_CASE][FAILED] - Test Cases/amazon_demo/TestCase1: Test Cases/amazon_demo/TestCase1 FAILED because (of) Unable to click on object 'Object Repository/Page_Amazon.com Online Shopping for/Amazon SignOff/Amazon cart/input_submit.add-to-cart' (Root cause: com.kms.katalon.core.webui.exception.WebElementNotFoundException: Web element with id: 'Object Repository/Page_Amazon.com Online Shopping for/Amazon SignOff/Amazon cart/input_submit.add-to-cart' located by 'By.xpath: //input[@id = 'add-to-cart-button' and @name = 'submit.add-to-cart' and @title = 'Add to Shopping Cart' and @type = 'submit']' not found)

2018-09-05 15:32:55 - [TEST_STEP][PASSED] - setText: Text 'Motorola  Mobile' is set on object 'Object Repository/Page_Amazon.com Online Shopping for/Amazon SignOff/Page_Amazon.com Online Shopping for/input_field-keywords'

2018-09-05 15:32:55 - [MESSAGE][PASSED] - Text 'Motorola  Mobile' is set on object 'Object Repository/Page_Amazon.com Online Shopping for/Amazon SignOff/Page_Amazon.com Online Shopping for/input_field-keywords'

2018-09-05 15:32:55 - [TEST_STEP][PASSED] - click: Object: 'Object Repository/Page_Amazon.com Online Shopping for/Amazon SignOff/Page_Amazon.com Online Shopping for/input_nav-input' is clicked on

2018-09-05 15:32:59 - [MESSAGE][PASSED] - Object: 'Object Repository/Page_Amazon.com Online Shopping for/Amazon SignOff/Page_Amazon.com Online Shopping for/input_nav-input' is clicked on

2018-09-05 15:32:59 - [TEST_STEP][PASSED] - click: Object: 'Object Repository/Page_Amazon.com Online Shopping for/Amazon SignOff/Amazon Search Box/h2_Motorola Moto C Plus XT1724' is clicked on

2018-09-05 15:33:04 - [MESSAGE][PASSED] - Object: 'Object Repository/Page_Amazon.com Online Shopping for/Amazon SignOff/Amazon Search Box/h2_Motorola Moto C Plus XT1724' is clicked on

2018-09-05 15:33:04 - [TEST_STEP][PASSED] - delay: Delayed 3 second(s)

2018-09-05 15:33:07 - [MESSAGE][PASSED] - Delayed 3 second(s)

2018-09-05 15:33:07 - [TEST_STEP][FAILED] - click: Unable to click on object 'Object Repository/Page_Amazon.com Online Shopping for/Amazon SignOff/Amazon cart/input_submit.add-to-cart' (Root cause: com.kms.katalon.core.webui.exception.WebElementNotFoundException: Web element with id: 'Object Repository/Page_Amazon.com Online Shopping for/Amazon SignOff/Amazon cart/input_submit.add-to-cart' located by 'By.xpath: //input[@id = 'add-to-cart-button' and @name = 'submit.add-to-cart' and @title = 'Add to Shopping Cart' and @type = 'submit']' not found)

2018-09-05 15:33:43 - [MESSAGE][FAILED] - Unable to click on object 'Object Repository/Page_Amazon.com Online Shopping for/Amazon SignOff/Amazon cart/input_submit.add-to-cart' (Root cause: com.kms.katalon.core.webui.exception.WebElementNotFoundException: Web element with id: 'Object Repository/Page_Amazon.com Online Shopping for/Amazon SignOff/Amazon cart/input_submit.add-to-cart' located by 'By.xpath: //input[@id = 'add-to-cart-button' and @name = 'submit.add-to-cart' and @title = 'Add to Shopping Cart' and @type = 'submit']' not found)
[[ATTACHMENT|C:\\Users\\e004475\\Desktop\\KatalonDemo\\KatalonStudioTest\\Reports\\test suite 2\\20180905_153131\\1536141823592.png]]]]></system-out>
         <system-err><![CDATA[2018-09-05 15:32:54 - [TEST_CASE][FAILED] - Test Cases/amazon_demo/TestCase1: Test Cases/amazon_demo/TestCase1 FAILED because (of) Unable to click on object 'Object Repository/Page_Amazon.com Online Shopping for/Amazon SignOff/Amazon cart/input_submit.add-to-cart' (Root cause: com.kms.katalon.core.webui.exception.WebElementNotFoundException: Web element with id: 'Object Repository/Page_Amazon.com Online Shopping for/Amazon SignOff/Amazon cart/input_submit.add-to-cart' located by 'By.xpath: //input[@id = 'add-to-cart-button' and @name = 'submit.add-to-cart' and @title = 'Add to Shopping Cart' and @type = 'submit']' not found)]]></system-err>
      </testcase>
      <system-out><![CDATA[2018-09-05 15:31:38 - [TEST_SUITE][FAILED] - test suite 2: Test Cases/amazon_demo/Testcase3 FAILED because (of) Unable to click on object 'Object Repository/Page_Amazon.com Online Shopping for/Amazon SignOff/Amazon cart/input_submit.add-to-cart' (Root cause: com.kms.katalon.core.webui.exception.WebElementNotFoundException: Web element with id: 'Object Repository/Page_Amazon.com Online Shopping for/Amazon SignOff/Amazon cart/input_submit.add-to-cart' located by 'By.xpath: //input[@id = 'add-to-cart-button' and @name = 'submit.add-to-cart' and @title = 'Add to Shopping Cart' and @type = 'submit']' not found)]]></system-out>
      <system-err><![CDATA[2018-09-05 15:31:38 - [TEST_SUITE][FAILED] - test suite 2: Test Cases/amazon_demo/Testcase3 FAILED because (of) Unable to click on object 'Object Repository/Page_Amazon.com Online Shopping for/Amazon SignOff/Amazon cart/input_submit.add-to-cart' (Root cause: com.kms.katalon.core.webui.exception.WebElementNotFoundException: Web element with id: 'Object Repository/Page_Amazon.com Online Shopping for/Amazon SignOff/Amazon cart/input_submit.add-to-cart' located by 'By.xpath: //input[@id = 'add-to-cart-button' and @name = 'submit.add-to-cart' and @title = 'Add to Shopping Cart' and @type = 'submit']' not found)]]></system-err>
   </testsuite>
</testsuites>
