<?xml version="1.0" encoding="UTF-8"?>
<testsuites name="LoginTestSuit" time="51" tests="1" failures="0" errors="0">
   <testsuite name="LoginTestSuit" tests="1" failures="0" errors="0" time="51" timestamp="2018-08-23 17:22:07" hostname="E004475 - HW1479.cignitiglobal.com" id="Test Suites/LoginTestSuit">
      <properties>
         <property name="deviceName" value=""/>
         <property name="devicePlatform" value=""/>
         <property name="logFolder" value="C:\\Users\\e004475\\Desktop\\KatalonProject\\FlipkartDemoProject\\Reports\\LoginTestSuit\\20180823_172206"/>
         <property name="logFiles" value="C:\\Users\\e004475\\Desktop\\KatalonProject\\FlipkartDemoProject\\Reports\\LoginTestSuit\\20180823_172206\\execution0.log"/>
         <property name="attachments" value=""/>
         <property name="hostName" value="E004475 - HW1479.cignitiglobal.com"/>
         <property name="os" value="Windows 7 64bit"/>
         <property name="katalonVersion" value="5.6.0.1"/>
         <property name="browser" value="Chrome 68.0.3440.106"/>
         <property name="hostAddress" value="10.62.64.108"/>
         <property name="sessionId" value="e4a0388172d6df8ae4db2803f3d9f26c"/>
         <property name="seleniumVersion" value="3.7.1"/>
         <property name="proxyInformation" value="ProxyInformation{proxyOption=NO_PROXY, proxyServerType=HTTP, password=, proxyServerAddress=, proxyServerPort=0}"/>
         <property name="platform" value="Windows 7"/>
      </properties>
      <testcase name="Test Cases/Testcase3" classname="Test Cases/Testcase3" status="PASSED">
         <system-out><![CDATA[2018-08-23 17:22:07 - [TEST_CASE][PASSED] - Test Cases/Testcase3: Test Cases/Testcase3

2018-08-23 17:22:08 - [TEST_STEP][PASSED] - openBrowser: Browser is opened with url: ''

2018-08-23 17:22:11 - [MESSAGE][PASSED] - Browser is opened with url: ''

2018-08-23 17:22:11 - [TEST_STEP][PASSED] - navigateToUrl: Navigate to 'https://www.amazon.com' successfully

2018-08-23 17:22:15 - [MESSAGE][PASSED] - Navigate to 'https://www.amazon.com' successfully

2018-08-23 17:22:15 - [TEST_STEP][PASSED] - maximizeWindow: Current window maximized

2018-08-23 17:22:17 - [MESSAGE][PASSED] - Current window maximized

2018-08-23 17:22:17 - [TEST_STEP][PASSED] - Statement - title = com.kms.katalon.core.webui.keyword.WebUiBuiltInKeywords.getWindowTitle(): Current window's title is: 'Amazon.com: Online Shopping for Electronics, Apparel, Computers, Books, DVDs & more'

2018-08-23 17:22:17 - [MESSAGE][PASSED] - Current window's title is: 'Amazon.com: Online Shopping for Electronics, Apparel, Computers, Books, DVDs & more'

2018-08-23 17:22:17 - [TEST_STEP][PASSED] - Statement - title1 = "Amazon.com:Online": null

2018-08-23 17:22:17 - [TEST_STEP][PASSED] - Statement - If (title.contains("Amazon")): Title matched

2018-08-23 17:22:17 - [TEST_STEP][PASSED] - comment: Title matched

2018-08-23 17:22:17 - [TEST_STEP][PASSED] - click: Object: 'Object Repository/Page_Amazon.com Online Shopping for/span_Hello. Sign in' is clicked on

2018-08-23 17:22:18 - [MESSAGE][PASSED] - Object: 'Object Repository/Page_Amazon.com Online Shopping for/span_Hello. Sign in' is clicked on

2018-08-23 17:22:18 - [TEST_STEP][PASSED] - setText: Text 'b6820901@nwytg.net' is set on object 'Object Repository/Page_Amazon Sign In/input_email'

2018-08-23 17:22:18 - [MESSAGE][PASSED] - Text 'b6820901@nwytg.net' is set on object 'Object Repository/Page_Amazon Sign In/input_email'

2018-08-23 17:22:18 - [TEST_STEP][PASSED] - click: Object: 'Object Repository/Page_Amazon Sign In/input_continue' is clicked on

2018-08-23 17:22:19 - [MESSAGE][PASSED] - Object: 'Object Repository/Page_Amazon Sign In/input_continue' is clicked on

2018-08-23 17:22:19 - [TEST_STEP][PASSED] - setText: Text 'nothing123' is set on object 'Object Repository/Page_Amazon Sign In/input_password'

2018-08-23 17:22:19 - [MESSAGE][PASSED] - Text 'nothing123' is set on object 'Object Repository/Page_Amazon Sign In/input_password'

2018-08-23 17:22:19 - [TEST_STEP][PASSED] - click: Object: 'Object Repository/Page_Amazon Sign In/input_signInSubmit' is clicked on

2018-08-23 17:22:23 - [MESSAGE][PASSED] - Object: 'Object Repository/Page_Amazon Sign In/input_signInSubmit' is clicked on

2018-08-23 17:22:23 - [TEST_STEP][PASSED] - delay: Delayed 3 second(s)

2018-08-23 17:22:26 - [MESSAGE][PASSED] - Delayed 3 second(s)

2018-08-23 17:22:26 - [TEST_STEP][PASSED] - callTestCase: Call Test Case 'Test Cases/TestCase1' successfully

2018-08-23 17:22:26 - [TEST_CASE][PASSED] - Test Cases/TestCase1: Test Cases/TestCase1

2018-08-23 17:22:26 - [TEST_STEP][PASSED] - setText: Text 'Motorola  Mobile' is set on object 'Object Repository/Page_Amazon.com Online Shopping for/Amazon SignOff/Page_Amazon.com Online Shopping for/input_field-keywords'

2018-08-23 17:22:26 - [MESSAGE][PASSED] - Text 'Motorola  Mobile' is set on object 'Object Repository/Page_Amazon.com Online Shopping for/Amazon SignOff/Page_Amazon.com Online Shopping for/input_field-keywords'

2018-08-23 17:22:26 - [TEST_STEP][PASSED] - click: Object: 'Object Repository/Page_Amazon.com Online Shopping for/Amazon SignOff/Page_Amazon.com Online Shopping for/input_nav-input' is clicked on

2018-08-23 17:22:30 - [MESSAGE][PASSED] - Object: 'Object Repository/Page_Amazon.com Online Shopping for/Amazon SignOff/Page_Amazon.com Online Shopping for/input_nav-input' is clicked on

2018-08-23 17:22:30 - [TEST_STEP][PASSED] - click: Object: 'Object Repository/Page_Amazon.com Online Shopping for/Amazon SignOff/Amazon Search Box/h2_Motorola Moto C Plus XT1724' is clicked on

2018-08-23 17:22:35 - [MESSAGE][PASSED] - Object: 'Object Repository/Page_Amazon.com Online Shopping for/Amazon SignOff/Amazon Search Box/h2_Motorola Moto C Plus XT1724' is clicked on

2018-08-23 17:22:35 - [TEST_STEP][PASSED] - delay: Delayed 3 second(s)

2018-08-23 17:22:38 - [MESSAGE][PASSED] - Delayed 3 second(s)

2018-08-23 17:22:38 - [TEST_STEP][PASSED] - click: Object: 'Object Repository/Page_Amazon.com Online Shopping for/Amazon SignOff/Amazon cart/input_submit.add-to-cart' is clicked on

2018-08-23 17:22:41 - [MESSAGE][PASSED] - Object: 'Object Repository/Page_Amazon.com Online Shopping for/Amazon SignOff/Amazon cart/input_submit.add-to-cart' is clicked on

2018-08-23 17:22:41 - [TEST_STEP][PASSED] - delay: Delayed 3 second(s)

2018-08-23 17:22:44 - [MESSAGE][PASSED] - Delayed 3 second(s)

2018-08-23 17:22:44 - [TEST_STEP][PASSED] - click: Object: 'Object Repository/Page_Amazon.com Online Shopping for/Amazon SignOff/Amazon cart/span_Cart' is clicked on

2018-08-23 17:22:49 - [MESSAGE][PASSED] - Object: 'Object Repository/Page_Amazon.com Online Shopping for/Amazon SignOff/Amazon cart/span_Cart' is clicked on

2018-08-23 17:22:49 - [MESSAGE][PASSED] - Call Test Case 'Test Cases/TestCase1' successfully

2018-08-23 17:22:49 - [TEST_STEP][PASSED] - delay: Delayed 3 second(s)

2018-08-23 17:22:52 - [MESSAGE][PASSED] - Delayed 3 second(s)

2018-08-23 17:22:52 - [TEST_STEP][PASSED] - mouseOver: Object: 'Object Repository/Page_Amazon.com Online Shopping for/Amazon SignOff/span_Account  Lists' is hovered

2018-08-23 17:22:53 - [MESSAGE][PASSED] - Object: 'Object Repository/Page_Amazon.com Online Shopping for/Amazon SignOff/span_Account  Lists' is hovered

2018-08-23 17:22:53 - [TEST_STEP][PASSED] - delay: Delayed 3 second(s)

2018-08-23 17:22:56 - [MESSAGE][PASSED] - Delayed 3 second(s)

2018-08-23 17:22:56 - [TEST_STEP][PASSED] - click: Object: 'Object Repository/Page_Amazon.com Online Shopping for/span_Sign Out' is clicked on

2018-08-23 17:22:57 - [MESSAGE][PASSED] - Object: 'Object Repository/Page_Amazon.com Online Shopping for/span_Sign Out' is clicked on

2018-08-23 17:22:57 - [TEST_STEP][PASSED] - closeBrowser: Browser is closed

2018-08-23 17:22:58 - [MESSAGE][PASSED] - Browser is closed]]></system-out>
         <system-err><![CDATA[]]></system-err>
      </testcase>
      <system-out><![CDATA[2018-08-23 17:22:07 - [TEST_SUITE][PASSED] - LoginTestSuit: Test Cases/Testcase3]]></system-out>
      <system-err><![CDATA[]]></system-err>
   </testsuite>
</testsuites>
